<?xml version="1.0" encoding="UTF-8"?>
<!-- Generated by org.testng.reporters.JUnitReportReporter -->
<testsuite skipped="0" hostname="DESKTOP-KTDCJLP" name="Reports.Report1" tests="1" failures="0" timestamp="19 Aug 2019 04:56:25 GMT" time="0.050" errors="0">
  <testcase name="console" time="0.050" classname="Reports.Report1"/>
</testsuite> <!-- Reports.Report1 -->
