<?xml version="1.0" encoding="UTF-8"?>
<!-- Generated by org.testng.reporters.JUnitReportReporter -->
<testsuite skipped="0" hostname="DESKTOP-KTDCJLP" name="Reports.Test1" tests="1" failures="0" timestamp="19 Aug 2019 05:03:21 GMT" time="0.068" errors="0">
  <testcase name="console" time="0.068" classname="Reports.Test1"/>
</testsuite> <!-- Reports.Test1 -->
